============================= test session starts ==============================
collecting ... collected 118 items

tests/e2e/test_feature_with_debug.py::test_feature_debug PASSED          [  0%]
tests/e2e/test_real_feature.py::test_real_feature SKIPPED (Skipped on
Python 3.13 due to threading issues)                                     [  1%]
tests/integration/test_agent_communication_full.py::AgentCommunicationTest::test_agent_result_sharing FAILED [  2%]
tests/integration/test_agent_communication_full.py::AgentCommunicationTest::test_database_agent_schema_sharing PASSED [  3%]
tests/integration/test_agent_communication_full.py::AgentCommunicationTest::test_devops_deployment_coordination PASSED [  4%]
tests/integration/test_agent_communication_full.py::AgentCommunicationTest::test_frontend_backend_integration PASSED [  5%]
tests/integration/test_agent_communication_full.py::AgentCommunicationTest::test_orchestrator_task_distribution PASSED [  5%]
tests/integration/test_agent_communication_full.py::AgentCommunicationTest::test_qa_agent_validation_flow PASSED [  6%]
tests/integration/test_agent_communication_full.py::AgentCommunicationTest::test_security_agent_review_flow PASSED [  7%]
tests/integration/test_event_driven_agents.py::test_event_driven_flow PASSED [  8%]
tests/integration/test_event_driven_agents.py::test_event_filtering PASSED [  9%]
tests/integration/test_event_driven_agents_full.py::TestDevOpsAgent::test_ci_pipeline_generation FAILED [ 10%]
tests/integration/test_event_driven_agents_full.py::TestDevOpsAgent::test_devops_agent_starts PASSED [ 11%]
tests/integration/test_event_driven_agents_full.py::TestDevOpsAgent::test_dockerfile_generation FAILED [ 11%]
tests/integration/test_event_driven_agents_full.py::TestSecurityAgent::test_security_agent_starts PASSED [ 12%]
tests/integration/test_event_driven_agents_full.py::TestSecurityAgent::test_security_audit FAILED [ 13%]
tests/integration/test_event_driven_agents_full.py::TestDocsAgent::test_api_documentation_generation FAILED [ 14%]
tests/integration/test_event_driven_agents_full.py::TestDocsAgent::test_docs_agent_starts PASSED [ 15%]
tests/integration/test_event_driven_agents_full.py::TestUXUIAgent::test_design_system_generation FAILED [ 16%]
tests/integration/test_event_driven_agents_full.py::TestUXUIAgent::test_ux_ui_agent_starts PASSED [ 16%]
tests/integration/test_event_driven_integration.py::EventDrivenIntegrationTest::test_agent_health_check SKIPPED [ 17%]
tests/integration/test_event_driven_integration.py::EventDrivenIntegrationTest::test_agent_shutdown_handling SKIPPED [ 18%]
tests/integration/test_event_driven_integration.py::EventDrivenIntegrationTest::test_concurrent_task_handling SKIPPED [ 19%]
tests/integration/test_event_driven_integration.py::EventDrivenIntegrationTest::test_cross_agent_validation SKIPPED [ 20%]
tests/integration/test_event_driven_integration.py::EventDrivenIntegrationTest::test_error_recovery SKIPPED [ 21%]
tests/integration/test_event_driven_integration.py::EventDrivenIntegrationTest::test_multi_agent_collaboration SKIPPED [ 22%]
tests/integration/test_event_driven_integration.py::EventDrivenIntegrationTest::test_single_agent_task_flow SKIPPED [ 22%]
tests/integration/test_event_driven_integration.py::EventDrivenIntegrationTest::test_task_priority_handling SKIPPED [ 23%]
tests/integration/test_framework.py::test_project_config FAILED          [ 24%]
tests/integration/test_framework.py::test_agent_creation ERROR           [ 25%]
tests/integration/test_framework.py::test_message_bus ERROR              [ 26%]
tests/integration/test_framework.py::test_event_driven_agents ERROR      [ 27%]
tests/integration/test_working_flow.py::test_working_flow SKIPPED        [ 27%]
tests/test_better_defaults.py::test_default_mode PASSED                  [ 28%]
tests/test_better_defaults.py::test_event_bus_type PASSED                [ 29%]
tests/test_better_defaults.py::test_recommended_agents PASSED            [ 30%]
tests/test_better_defaults.py::test_config_persistence PASSED            [ 31%]
tests/unit/test_agent_communication.py::test_message_bus FAILED          [ 32%]
tests/unit/test_agent_communication.py::test_project_state FAILED        [ 33%]
tests/unit/test_agent_communication.py::test_agent_import FAILED         [ 33%]
tests/unit/test_cli.py::TestCLI::test_cli_help PASSED                    [ 34%]
tests/unit/test_cli.py::TestCLI::test_cli_version PASSED                 [ 35%]
tests/unit/test_cli.py::TestCLI::test_command_help PASSED                [ 36%]
tests/unit/test_cli.py::TestCLI::test_config_get PASSED                  [ 37%]
tests/unit/test_cli.py::TestCLI::test_config_set PASSED                  [ 38%]
tests/unit/test_cli.py::TestCLI::test_config_set_json PASSED             [ 38%]
tests/unit/test_cli.py::TestCLI::test_error_handling PASSED              [ 39%]
tests/unit/test_cli.py::TestCLI::test_init_command PASSED                [ 40%]
tests/unit/test_cli.py::TestCLI::test_init_nonexistent_path PASSED       [ 41%]
tests/unit/test_cli.py::TestCLI::test_init_with_options PASSED           [ 42%]
tests/unit/test_cli.py::TestCLI::test_init_with_path PASSED              [ 43%]
tests/unit/test_cli.py::TestCLI::test_launch_command PASSED              [ 44%]
tests/unit/test_cli.py::TestCLI::test_launch_with_agents PASSED          [ 44%]
tests/unit/test_cli.py::TestCLI::test_launch_with_mode PASSED            [ 45%]
tests/unit/test_cli.py::TestCLI::test_launch_without_init PASSED         [ 46%]
tests/unit/test_cli.py::TestCLI::test_reset_command FAILED               [ 47%]
tests/unit/test_cli.py::TestCLI::test_reset_without_confirmation PASSED  [ 48%]
tests/unit/test_cli.py::TestCLI::test_status_command FAILED              [ 49%]
tests/unit/test_cli.py::TestCLI::test_trigger_command PASSED             [ 50%]
tests/unit/test_cli.py::TestCLI::test_trigger_without_description PASSED [ 50%]
tests/unit/test_cli.py::TestCLI::test_verbose_mode PASSED                [ 51%]
tests/unit/test_cli_basic.py::TestCLIBasic::test_command_help_messages PASSED [ 52%]
tests/unit/test_cli_basic.py::TestCLIBasic::test_help PASSED             [ 53%]
tests/unit/test_cli_basic.py::TestCLIBasic::test_init_already_initialized PASSED [ 54%]
tests/unit/test_cli_basic.py::TestCLIBasic::test_init_creates_files PASSED [ 55%]
tests/unit/test_cli_basic.py::TestCLIBasic::test_init_with_custom_name PASSED [ 55%]
tests/unit/test_cli_basic.py::TestCLIBasic::test_init_with_project_type PASSED [ 56%]
tests/unit/test_cli_basic.py::TestCLIBasic::test_reset_requires_confirmation PASSED [ 57%]
tests/unit/test_cli_basic.py::TestCLIBasic::test_reset_with_yes_flag PASSED [ 58%]
tests/unit/test_cli_basic.py::TestCLIBasic::test_status_basic PASSED     [ 59%]
tests/unit/test_cli_basic.py::TestCLIBasic::test_status_json_format PASSED [ 60%]
tests/unit/test_cli_basic.py::TestCLIBasic::test_trigger_requires_description PASSED [ 61%]
tests/unit/test_cli_basic.py::TestCLIBasic::test_unknown_command PASSED  [ 61%]
tests/unit/test_cli_basic.py::TestCLIBasic::test_version PASSED          [ 62%]
tests/unit/test_cli_safe.py::TestCLISafe::test_cli_help PASSED           [ 63%]
tests/unit/test_cli_safe.py::TestCLISafe::test_cli_version PASSED        [ 64%]
tests/unit/test_cli_safe.py::TestCLISafe::test_init_command PASSED       [ 65%]
tests/unit/test_cli_safe.py::TestCLISafe::test_modes_command PASSED      [ 66%]
tests/unit/test_cli_safe.py::TestCLISafe::test_reset_command PASSED      [ 66%]
tests/unit/test_cli_safe.py::TestCLISafe::test_status_command PASSED     [ 67%]
tests/unit/test_cli_safe.py::TestCLISafe::test_trigger_command PASSED    [ 68%]
tests/unit/test_cli_scenarios.py::TestCLIScenarios::test_config_nested_operations FAILED [ 69%]
tests/unit/test_cli_scenarios.py::TestCLIScenarios::test_environment_variables PASSED [ 70%]
tests/unit/test_cli_scenarios.py::TestCLIScenarios::test_error_recovery FAILED [ 71%]
tests/unit/test_cli_scenarios.py::TestCLIScenarios::test_full_workflow FAILED [ 72%]
tests/unit/test_cli_scenarios.py::TestCLIScenarios::test_help_consistency PASSED [ 72%]
tests/unit/test_cli_scenarios.py::TestCLIScenarios::test_invalid_json_handling FAILED [ 73%]
tests/unit/test_cli_scenarios.py::TestCLIScenarios::test_json_output_formats PASSED [ 74%]
tests/unit/test_cli_scenarios.py::TestCLIScenarios::test_multiple_projects PASSED [ 75%]
tests/unit/test_cli_scenarios.py::TestCLIScenarios::test_path_handling PASSED [ 76%]
tests/unit/test_cli_scenarios.py::TestCLIScenarios::test_reinit_existing_project FAILED [ 77%]
tests/unit/test_error_handling.py::test_api_key_errors PASSED            [ 77%]
tests/unit/test_error_handling.py::test_network_errors PASSED            [ 78%]
tests/unit/test_error_handling.py::test_task_errors PASSED               [ 79%]
tests/unit/test_error_handling.py::test_file_errors PASSED               [ 80%]
tests/unit/test_error_handling.py::test_agent_errors PASSED              [ 81%]
tests/unit/test_error_handling.py::test_configuration_errors PASSED      [ 82%]
tests/unit/test_error_handling.py::test_dependency_errors PASSED         [ 83%]
tests/unit/test_event_driven_simple.py::test_simple PASSED               [ 83%]
tests/unit/test_kafka_event_bus.py::KafkaEventBusTest::test_different_event_types SKIPPED [ 84%]
tests/unit/test_kafka_event_bus.py::KafkaEventBusTest::test_error_handling SKIPPED [ 85%]
tests/unit/test_kafka_event_bus.py::KafkaEventBusTest::test_event_persistence SKIPPED [ 86%]
tests/unit/test_kafka_event_bus.py::KafkaEventBusTest::test_graceful_shutdown SKIPPED [ 87%]
tests/unit/test_kafka_event_bus.py::KafkaEventBusTest::test_high_volume_events SKIPPED [ 88%]
tests/unit/test_kafka_event_bus.py::KafkaEventBusTest::test_multiple_subscribers SKIPPED [ 88%]
tests/unit/test_kafka_event_bus.py::KafkaEventBusTest::test_publish_and_subscribe SKIPPED [ 89%]
tests/unit/test_kafka_event_bus.py::EventBusFactoryTest::test_inmemory_event_bus_creation SKIPPED [ 90%]
tests/unit/test_kafka_event_bus.py::EventBusFactoryTest::test_invalid_event_bus_type SKIPPED [ 91%]
tests/unit/test_kafka_event_bus.py::EventBusFactoryTest::test_kafka_event_bus_creation SKIPPED [ 92%]
tests/unit/test_progress_tracker.py::TestProgressTracker::test_complete_task PASSED [ 93%]
tests/unit/test_progress_tracker.py::TestProgressTracker::test_create_feature PASSED [ 94%]
tests/unit/test_progress_tracker.py::TestProgressTracker::test_create_task PASSED [ 94%]
tests/unit/test_progress_tracker.py::TestProgressTracker::test_display_progress_cli PASSED [ 95%]
tests/unit/test_progress_tracker.py::TestProgressTracker::test_format_duration PASSED [ 96%]
tests/unit/test_progress_tracker.py::TestProgressTracker::test_get_active_features_count PASSED [ 97%]
tests/unit/test_progress_tracker.py::TestProgressTracker::test_multiple_tasks_progress PASSED [ 98%]
tests/unit/test_progress_tracker.py::TestProgressTracker::test_update_task_progress PASSED [ 99%]
tests/unit/test_simple_orchestrator.py::test_orchestrator 